\BOOKMARK [0][-]{chapter.1}{\376\377\000I\000n\000t\000r\000o\000d\000u\000c\000t\000i\000o\000n}{}% 1
\BOOKMARK [1][-]{section.1.1}{\376\377\000M\000o\000t\000i\000v\000a\000t\000i\000o\000n}{chapter.1}% 2
\BOOKMARK [1][-]{section.1.2}{\376\377\000P\000r\000o\000b\000l\000e\000m\000\040\000S\000t\000a\000t\000e\000m\000e\000n\000t}{chapter.1}% 3
\BOOKMARK [1][-]{section.1.3}{\376\377\000C\000o\000n\000t\000r\000i\000b\000u\000t\000i\000o\000n\000s}{chapter.1}% 4
\BOOKMARK [1][-]{section.1.4}{\376\377\000T\000h\000e\000s\000i\000s\000\040\000S\000t\000r\000u\000c\000t\000u\000r\000e}{chapter.1}% 5
\BOOKMARK [0][-]{chapter.2}{\376\377\000B\000a\000c\000k\000g\000r\000o\000u\000n\000d}{}% 6
\BOOKMARK [1][-]{section.2.1}{\376\377\000C\000l\000a\000s\000s\000i\000c\000a\000l\000\040\000A\000u\000t\000o\000n\000o\000m\000o\000u\000s\000\040\000N\000a\000v\000i\000g\000a\000t\000i\000o\000n\000\040\000P\000i\000p\000e\000l\000i\000n\000e\000s}{chapter.2}% 7
\BOOKMARK [1][-]{section.2.2}{\376\377\000R\000e\000i\000n\000f\000o\000r\000c\000e\000m\000e\000n\000t\000\040\000L\000e\000a\000r\000n\000i\000n\000g\000\040\000f\000o\000r\000\040\000R\000o\000b\000o\000t\000i\000c\000s}{chapter.2}% 8
\BOOKMARK [1][-]{section.2.3}{\376\377\000C\000u\000r\000r\000i\000c\000u\000l\000u\000m\000\040\000L\000e\000a\000r\000n\000i\000n\000g\000\040\000a\000n\000d\000\040\000T\000r\000a\000i\000n\000i\000n\000g\000\040\000S\000t\000a\000b\000i\000l\000i\000t\000y}{chapter.2}% 9
\BOOKMARK [1][-]{section.2.4}{\376\377\000P\000e\000r\000c\000e\000p\000t\000i\000o\000n\000\040\000P\000i\000p\000e\000l\000i\000n\000e\000s\000\040\000a\000n\000d\000\040\000S\000l\000o\000p\000e\000\040\000E\000s\000t\000i\000m\000a\000t\000i\000o\000n}{chapter.2}% 10
\BOOKMARK [1][-]{section.2.5}{\376\377\000S\000i\000m\000u\000l\000a\000t\000i\000o\000n\000\040\000F\000r\000a\000m\000e\000w\000o\000r\000k\000s\000\040\000f\000o\000r\000\040\000R\000o\000b\000o\000t\000i\000c\000s}{chapter.2}% 11
\BOOKMARK [1][-]{section.2.6}{\376\377\000E\000d\000g\000e\000\040\000C\000o\000m\000p\000u\000t\000i\000n\000g\000\040\000C\000o\000n\000s\000t\000r\000a\000i\000n\000t\000s}{chapter.2}% 12
\BOOKMARK [1][-]{section.2.7}{\376\377\000S\000i\000m\000-\000t\000o\000-\000R\000e\000a\000l\000\040\000T\000r\000a\000n\000s\000f\000e\000r}{chapter.2}% 13
\BOOKMARK [1][-]{section.2.8}{\376\377\000A\000p\000p\000r\000o\000a\000c\000h\000\040\000A\000d\000o\000p\000t\000e\000d\000\040\000i\000n\000\040\000T\000h\000i\000s\000\040\000T\000h\000e\000s\000i\000s}{chapter.2}% 14
\BOOKMARK [0][-]{chapter.3}{\376\377\000R\000e\000l\000a\000t\000e\000d\000\040\000W\000o\000r\000k}{}% 15
\BOOKMARK [1][-]{section.3.1}{\376\377\000P\000l\000a\000n\000e\000t\000a\000r\000y\000\040\000R\000o\000v\000e\000r\000\040\000N\000a\000v\000i\000g\000a\000t\000i\000o\000n\000\040\000a\000n\000d\000\040\000T\000r\000a\000v\000e\000r\000s\000a\000b\000i\000l\000i\000t\000y}{chapter.3}% 16
\BOOKMARK [1][-]{section.3.2}{\376\377\000D\000e\000t\000e\000r\000m\000i\000n\000i\000s\000t\000i\000c\000\040\000M\000o\000t\000i\000o\000n\000\040\000P\000l\000a\000n\000n\000i\000n\000g\000\040\000o\000n\000\040\000R\000o\000u\000g\000h\000\040\000T\000e\000r\000r\000a\000i\000n}{chapter.3}% 17
\BOOKMARK [1][-]{section.3.3}{\376\377\000T\000r\000a\000v\000e\000r\000s\000a\000b\000i\000l\000i\000t\000y\000\040\000E\000s\000t\000i\000m\000a\000t\000i\000o\000n\000\040\000f\000o\000r\000\040\000M\000o\000b\000i\000l\000e\000\040\000R\000o\000b\000o\000t\000s}{chapter.3}% 18
\BOOKMARK [1][-]{section.3.4}{\376\377\000L\000e\000a\000r\000n\000i\000n\000g\000-\000b\000a\000s\000e\000d\000\040\000a\000n\000d\000\040\000R\000L\000\040\000M\000e\000t\000h\000o\000d\000s\000\040\000f\000o\000r\000\040\000M\000a\000p\000l\000e\000s\000s\000\040\000a\000n\000d\000\040\000P\000l\000a\000n\000e\000t\000a\000r\000y\000\040\000N\000a\000v\000i\000g\000a\000t\000i\000o\000n}{chapter.3}% 19
\BOOKMARK [1][-]{section.3.5}{\376\377\000P\000o\000s\000i\000t\000i\000o\000n\000i\000n\000g\000\040\000o\000f\000\040\000T\000h\000i\000s\000\040\000W\000o\000r\000k}{chapter.3}% 20
\BOOKMARK [0][-]{chapter.4}{\376\377\000S\000y\000s\000t\000e\000m\000\040\000O\000v\000e\000r\000v\000i\000e\000w}{}% 21
\BOOKMARK [1][-]{section.4.1}{\376\377\000S\000t\000r\000u\000t\000t\000u\000r\000a\000\040\000m\000e\000c\000c\000a\000n\000i\000c\000a\000\040\000e\000\040\000l\000o\000c\000o\000m\000o\000z\000i\000o\000n\000e}{chapter.4}% 22
\BOOKMARK [1][-]{section.4.2}{\376\377\000S\000o\000t\000t\000o\000s\000i\000s\000t\000e\000m\000a\000\040\000d\000i\000\040\000p\000e\000r\000c\000e\000z\000i\000o\000n\000e}{chapter.4}% 23
\BOOKMARK [1][-]{section.4.3}{\376\377\000S\000o\000t\000t\000o\000s\000i\000s\000t\000e\000m\000a\000\040\000d\000i\000\040\000c\000a\000l\000c\000o\000l\000o\000\040\000a\000\040\000b\000o\000r\000d\000o}{chapter.4}% 24
\BOOKMARK [2][-]{subsection.4.3.1}{\376\377\000R\000a\000s\000p\000b\000e\000r\000r\000y\000\040\000P\000i\000\040\0005}{section.4.3}% 25
\BOOKMARK [2][-]{subsection.4.3.2}{\376\377\000A\000c\000c\000e\000l\000e\000r\000a\000t\000o\000r\000e\000\040\000A\000I\000\040\000H\000a\000i\000l\000o\000-\0008}{section.4.3}% 26
\BOOKMARK [1][-]{section.4.4}{\376\377\000A\000l\000i\000m\000e\000n\000t\000a\000z\000i\000o\000n\000e\000,\000\040\000i\000n\000t\000e\000r\000f\000a\000c\000c\000e\000\040\000e\000\040\000s\000e\000g\000n\000a\000l\000a\000z\000i\000o\000n\000e}{chapter.4}% 27
\BOOKMARK [1][-]{section.4.5}{\376\377\000S\000o\000f\000t\000w\000a\000r\000e\000\040\000s\000t\000a\000c\000k\000\040\000a\000n\000d\000\040\000o\000n\000-\000b\000o\000a\000r\000d\000\040\000i\000n\000t\000e\000r\000f\000a\000c\000e\000s}{chapter.4}% 28
\BOOKMARK [2][-]{subsection.4.5.1}{\376\377\000C\000o\000r\000r\000e\000c\000t\000i\000o\000n\000\040\000o\000f\000\040\000S\000l\000o\000p\000e\000\040\000E\000s\000t\000i\000m\000a\000t\000i\000o\000n\000\040\000v\000i\000a\000\040\000I\000M\000U\000\040\000I\000n\000t\000e\000g\000r\000a\000t\000i\000o\000n}{section.4.5}% 29
\BOOKMARK [1][-]{section.4.6}{\376\377\000C\000o\000n\000f\000r\000o\000n\000t\000o\000\040\000c\000o\000n\000\040\000i\000\040\000r\000o\000v\000e\000r\000\040\000l\000u\000n\000a\000r\000i\000\040\000e\000\040\000m\000a\000r\000z\000i\000a\000n\000i\000\040\000r\000e\000a\000l\000i}{chapter.4}% 30
\BOOKMARK [2][-]{subsection.4.6.1}{\376\377\000R\000o\000v\000e\000r\000\040\000m\000a\000r\000z\000i\000a\000n\000i\000:\000\040\000C\000u\000r\000i\000o\000s\000i\000t\000y\000,\000\040\000P\000e\000r\000s\000e\000v\000e\000r\000a\000n\000c\000e\000\040\000e\000\040\000I\000n\000g\000e\000n\000u\000i\000t\000y}{section.4.6}% 31
\BOOKMARK [2][-]{subsection.4.6.2}{\376\377\000R\000o\000v\000e\000r\000\040\000l\000u\000n\000a\000r\000i\000:\000\040\000A\000p\000o\000l\000l\000o\000\040\000L\000R\000V\000,\000\040\000Y\000u\000t\000u\000\040\000e\000\040\000m\000i\000s\000s\000i\000o\000n\000i\000\040\000m\000o\000d\000e\000r\000n\000e}{section.4.6}% 32
\BOOKMARK [2][-]{subsection.4.6.3}{\376\377\000C\000o\000n\000f\000r\000o\000n\000t\000o\000\040\000q\000u\000a\000n\000t\000i\000t\000a\000t\000i\000v\000o\000\040\000e\000\040\000q\000u\000a\000l\000i\000t\000a\000t\000i\000v\000o}{section.4.6}% 33
\BOOKMARK [2][-]{subsection.4.6.4}{\376\377\000C\000o\000m\000p\000a\000t\000i\000b\000i\000l\000i\000t\000\340\000\040\000d\000e\000i\000\040\000r\000e\000q\000u\000i\000s\000i\000t\000i\000\040\000c\000o\000m\000p\000u\000t\000a\000z\000i\000o\000n\000a\000l\000i}{section.4.6}% 34
\BOOKMARK [1][-]{section.4.7}{\376\377\000I\000n\000g\000e\000n\000u\000i\000t\000y\000:\000\040\000u\000n\000\040\000n\000u\000o\000v\000o\000\040\000p\000a\000r\000a\000d\000i\000g\000m\000a\000\040\000p\000e\000r\000\040\000l\000'\000h\000a\000r\000d\000w\000a\000r\000e\000\040\000d\000i\000\040\000b\000o\000r\000d\000o}{chapter.4}% 35
\BOOKMARK [2][-]{subsection.4.7.1}{\376\377\000U\000n\000\040\000p\000r\000o\000c\000e\000s\000s\000o\000r\000e\000\040\000c\000o\000m\000m\000e\000r\000c\000i\000a\000l\000e\000\040\000s\000u\000\040\000M\000a\000r\000t\000e}{section.4.7}% 36
\BOOKMARK [2][-]{subsection.4.7.2}{\376\377\000I\000m\000p\000l\000i\000c\000a\000z\000i\000o\000n\000i\000\040\000p\000e\000r\000\040\000l\000'\000h\000a\000r\000d\000w\000a\000r\000e\000\040\000r\000o\000b\000o\000t\000i\000c\000o\000\040\000s\000p\000a\000z\000i\000a\000l\000e}{section.4.7}% 37
\BOOKMARK [2][-]{subsection.4.7.3}{\376\377\000R\000i\000l\000e\000v\000a\000n\000z\000a\000\040\000p\000e\000r\000\040\000i\000l\000\040\000p\000r\000e\000s\000e\000n\000t\000e\000\040\000l\000a\000v\000o\000r\000o}{section.4.7}% 38
\BOOKMARK [0][-]{chapter.5}{\376\377\000P\000e\000r\000c\000e\000p\000t\000i\000o\000n\000\040\000P\000i\000p\000e\000l\000i\000n\000e}{}% 39
\BOOKMARK [1][-]{section.5.1}{\376\377\000Y\000O\000L\000O\000-\000b\000a\000s\000e\000d\000\040\000R\000o\000c\000k\000\040\000D\000e\000t\000e\000c\000t\000i\000o\000n\000\040\000f\000r\000o\000m\000\040\000R\000G\000B}{chapter.5}% 40
\BOOKMARK [1][-]{section.5.2}{\376\377\000G\000e\000o\000m\000e\000t\000r\000i\000c\000\040\000P\000i\000p\000e\000l\000i\000n\000e\000:\000\040\000D\000B\000S\000C\000A\000N\000\040\000+\000\040\000R\000A\000N\000S\000A\000C}{chapter.5}% 41
\BOOKMARK [2][-]{subsection.5.2.1}{\376\377\000P\000r\000e\000p\000r\000o\000c\000e\000s\000s\000i\000n\000g\000\040\000e\000\040\000r\000i\000c\000o\000s\000t\000r\000u\000z\000i\000o\000n\000e\000\040\0003\000D}{section.5.2}% 42
\BOOKMARK [2][-]{subsection.5.2.2}{\376\377\000R\000i\000m\000o\000z\000i\000o\000n\000e\000\040\000d\000e\000l\000\040\000t\000e\000r\000r\000e\000n\000o\000\040\000v\000i\000a\000\040\000R\000A\000N\000S\000A\000C}{section.5.2}% 43
\BOOKMARK [2][-]{subsection.5.2.3}{\376\377\000C\000l\000u\000s\000t\000e\000r\000i\000n\000g\000\040\000d\000e\000g\000l\000i\000\040\000o\000s\000t\000a\000c\000o\000l\000i\000\040\000t\000r\000a\000m\000i\000t\000e\000\040\000D\000B\000S\000C\000A\000N}{section.5.2}% 44
\BOOKMARK [2][-]{subsection.5.2.4}{\376\377\000S\000t\000i\000m\000a\000\040\000d\000e\000l\000l\000a\000\040\000p\000e\000n\000d\000e\000n\000z\000a\000\040\000e\000\040\000c\000r\000i\000t\000e\000r\000i\000o\000\040\000d\000i\000\040\000p\000e\000r\000i\000c\000o\000l\000o\000s\000i\000t\000\340}{section.5.2}% 45
\BOOKMARK [1][-]{section.5.3}{\376\377\000D\000e\000t\000e\000r\000m\000i\000n\000i\000s\000t\000i\000c\000\040\000K\000i\000n\000e\000c\000t\000-\000b\000a\000s\000e\000d\000\040\000B\000a\000s\000e\000l\000i\000n\000e}{chapter.5}% 46
\BOOKMARK [1][-]{section.5.4}{\376\377\000A\000d\000v\000a\000n\000t\000a\000g\000e\000s\000\040\000a\000n\000d\000\040\000L\000i\000m\000i\000t\000a\000t\000i\000o\000n\000s}{chapter.5}% 47
\BOOKMARK [1][-]{section.5.5}{\376\377\000F\000i\000n\000e\000-\000t\000u\000n\000i\000n\000g\000\040\000o\000f\000\040\000D\000B\000S\000C\000A\000N\000\040\000P\000a\000r\000a\000m\000e\000t\000e\000r\000s\000\040\000o\000n\000\040\000R\000e\000a\000l\000\040\000D\000a\000t\000a}{chapter.5}% 48
\BOOKMARK [1][-]{section.5.6}{\376\377\000P\000e\000r\000c\000e\000p\000t\000i\000o\000n\000\040\000O\000u\000t\000p\000u\000t\000s\000\040\000f\000o\000r\000\040\000t\000h\000e\000\040\000R\000L\000\040\000P\000o\000l\000i\000c\000y}{chapter.5}% 49
\BOOKMARK [0][-]{chapter.6}{\376\377\000S\000i\000m\000u\000l\000a\000t\000i\000o\000n\000\040\000E\000n\000v\000i\000r\000o\000n\000m\000e\000n\000t}{}% 50
\BOOKMARK [1][-]{section.6.1}{\376\377\000I\000s\000a\000a\000c\000\040\000S\000i\000m\000\040\000a\000n\000d\000\040\000I\000s\000a\000a\000c\000\040\000L\000a\000b\000\040\000I\000n\000t\000e\000g\000r\000a\000t\000i\000o\000n}{chapter.6}% 51
\BOOKMARK [1][-]{section.6.2}{\376\377\000T\000e\000r\000r\000a\000i\000n\000\040\000a\000n\000d\000\040\000O\000b\000s\000t\000a\000c\000l\000e\000s}{chapter.6}% 52
\BOOKMARK [2][-]{subsection.6.2.1}{\376\377\000G\000e\000n\000e\000r\000a\000z\000i\000o\000n\000e\000\040\000d\000e\000l\000\040\000T\000e\000r\000r\000e\000n\000o}{section.6.2}% 53
\BOOKMARK [2][-]{subsection.6.2.2}{\376\377\000O\000s\000t\000a\000c\000o\000l\000i\000:\000\040\000R\000o\000c\000c\000e\000\040\000e\000\040\000P\000e\000n\000d\000e\000n\000z\000e}{section.6.2}% 54
\BOOKMARK [1][-]{section.6.3}{\376\377\000S\000e\000n\000s\000o\000r\000s\000\040\000i\000n\000\040\000S\000i\000m\000u\000l\000a\000t\000i\000o\000n}{chapter.6}% 55
\BOOKMARK [1][-]{section.6.4}{\376\377\000O\000b\000s\000e\000r\000v\000a\000t\000i\000o\000n\000\040\000a\000n\000d\000\040\000A\000c\000t\000i\000o\000n\000\040\000S\000p\000a\000c\000e\000s}{chapter.6}% 56
\BOOKMARK [2][-]{subsection.6.4.1}{\376\377\000S\000p\000a\000z\000i\000o\000\040\000d\000e\000l\000l\000e\000\040\000O\000s\000s\000e\000r\000v\000a\000z\000i\000o\000n\000i}{section.6.4}% 57
\BOOKMARK [2][-]{subsection.6.4.2}{\376\377\000S\000p\000a\000z\000i\000o\000\040\000d\000e\000l\000l\000e\000\040\000A\000z\000i\000o\000n\000i}{section.6.4}% 58
\BOOKMARK [2][-]{subsection.6.4.3}{\376\377\000E\000v\000o\000l\000u\000z\000i\000o\000n\000e\000\040\000e\000\040\000A\000n\000a\000l\000i\000s\000i\000\040\000C\000o\000m\000p\000a\000r\000a\000t\000i\000v\000a\000\040\000d\000e\000l\000\040\000R\000e\000w\000a\000r\000d\000\040\000D\000e\000s\000i\000g\000n}{section.6.4}% 59
\BOOKMARK [2][-]{subsection.6.4.4}{\376\377\000L\000a\000\040\000F\000u\000n\000z\000i\000o\000n\000e\000\040\000d\000i\000\040\000R\000e\000w\000a\000r\000d\000\040\000F\000i\000n\000a\000l\000e\000:\000\040\000P\000o\000t\000e\000n\000z\000i\000a\000l\000i\000\040\000R\000e\000p\000u\000l\000s\000i\000v\000i\000\040\000C\000o\000n\000t\000i\000n\000u\000i}{section.6.4}% 60
\BOOKMARK [2][-]{subsection.6.4.5}{\376\377\000S\000t\000r\000a\000t\000e\000g\000i\000e\000\040\000d\000i\000\040\000C\000u\000r\000r\000i\000c\000u\000l\000u\000m\000\040\000L\000e\000a\000r\000n\000i\000n\000g\000\040\000e\000\040\000G\000e\000n\000e\000r\000a\000z\000i\000o\000n\000e\000\040\000P\000r\000o\000c\000e\000d\000u\000r\000a\000l\000e}{section.6.4}% 61
\BOOKMARK [0][-]{chapter.7}{\376\377\000R\000e\000a\000l\000\040\000E\000n\000v\000i\000r\000o\000n\000m\000e\000n\000t}{}% 62
\BOOKMARK [1][-]{section.7.1}{\376\377\000L\000u\000n\000a\000\040\000A\000n\000a\000l\000o\000g\000\040\000F\000a\000c\000i\000l\000i\000t\000y\000\040\000a\000t\000\040\000E\000A\000C\000\040\000C\000o\000l\000o\000g\000n\000e}{chapter.7}% 63
\BOOKMARK [2][-]{subsection.7.1.1}{\376\377\000C\000o\000n\000f\000r\000o\000n\000t\000o\000\040\000q\000u\000a\000l\000i\000t\000a\000t\000i\000v\000o\000\040\000c\000o\000n\000\040\000i\000l\000\040\000t\000e\000r\000r\000e\000n\000o\000\040\000s\000i\000m\000u\000l\000a\000t\000o}{section.7.1}% 64
\BOOKMARK [1][-]{section.7.2}{\376\377\000S\000e\000n\000s\000o\000r\000\040\000C\000o\000n\000f\000i\000g\000u\000r\000a\000t\000i\000o\000n\000\040\000a\000n\000d\000\040\000M\000o\000u\000n\000t\000i\000n\000g}{chapter.7}% 65
\BOOKMARK [1][-]{section.7.3}{\376\377\000N\000o\000i\000s\000e\000\040\000a\000n\000d\000\040\000L\000i\000g\000h\000t\000i\000n\000g\000\040\000C\000o\000n\000d\000i\000t\000i\000o\000n\000s}{chapter.7}% 66
\BOOKMARK [1][-]{section.7.4}{\376\377\000G\000a\000p\000\040\000B\000e\000t\000w\000e\000e\000n\000\040\000S\000i\000m\000u\000l\000a\000t\000i\000o\000n\000\040\000a\000n\000d\000\040\000R\000e\000a\000l\000i\000t\000y}{chapter.7}% 67
\BOOKMARK [0][-]{chapter.8}{\376\377\000T\000r\000a\000i\000n\000i\000n\000g\000\040\000M\000e\000t\000h\000o\000d\000o\000l\000o\000g\000y\000\040\000a\000n\000d\000\040\000M\000o\000d\000e\000l\000s}{}% 68
\BOOKMARK [1][-]{section.8.1}{\376\377\000T\000r\000a\000i\000n\000i\000n\000g\000\040\000P\000i\000p\000e\000l\000i\000n\000e\000\040\000A\000r\000c\000h\000i\000t\000e\000c\000t\000u\000r\000e}{chapter.8}% 69
\BOOKMARK [2][-]{subsection.8.1.1}{\376\377\000I\000s\000a\000a\000c\000\040\000L\000a\000b\000:\000\040\000P\000a\000r\000a\000l\000l\000e\000l\000i\000z\000z\000a\000z\000i\000o\000n\000e\000\040\000M\000a\000s\000s\000i\000v\000a\000\040\000e\000\040\000V\000e\000c\000t\000o\000r\000i\000z\000e\000d\000\040\000E\000n\000v\000i\000r\000o\000n\000m\000e\000n\000t\000s}{section.8.1}% 70
\BOOKMARK [2][-]{subsection.8.1.2}{\376\377\000L\000o\000g\000g\000i\000n\000g\000,\000\040\000C\000h\000e\000c\000k\000p\000o\000i\000n\000t\000i\000n\000g\000\040\000e\000\040\000C\000a\000l\000l\000b\000a\000c\000k\000s}{section.8.1}% 71
\BOOKMARK [1][-]{section.8.2}{\376\377\000P\000r\000o\000x\000i\000m\000a\000l\000\040\000P\000o\000l\000i\000c\000y\000\040\000O\000p\000t\000i\000m\000i\000z\000a\000t\000i\000o\000n\000\040\000\050\000P\000P\000O\000\051}{chapter.8}% 72
\BOOKMARK [2][-]{subsection.8.2.1}{\376\377\000F\000o\000r\000m\000u\000l\000a\000z\000i\000o\000n\000e\000\040\000M\000a\000t\000e\000m\000a\000t\000i\000c\000a}{section.8.2}% 73
\BOOKMARK [2][-]{subsection.8.2.2}{\376\377\000I\000m\000p\000l\000e\000m\000e\000n\000t\000a\000z\000i\000o\000n\000e\000\040\000e\000\040\000A\000r\000c\000h\000i\000t\000e\000t\000t\000u\000r\000a}{section.8.2}% 74
\BOOKMARK [2][-]{subsection.8.2.3}{\376\377\000A\000n\000a\000l\000i\000s\000i\000\040\000d\000e\000l\000l\000e\000\040\000C\000o\000n\000f\000i\000g\000u\000r\000a\000z\000i\000o\000n\000i\000:\000\040\000N\000o\000M\000e\000m\000\040\000v\000s\000\040\000F\000r\000a\000m\000e\000S\000t\000a\000c\000k}{section.8.2}% 75
\BOOKMARK [1][-]{section.8.3}{\376\377\000S\000o\000f\000t\000\040\000A\000c\000t\000o\000r\000-\000C\000r\000i\000t\000i\000c\000\040\000\050\000S\000A\000C\000\051}{chapter.8}% 76
\BOOKMARK [2][-]{subsection.8.3.1}{\376\377\000F\000o\000r\000m\000u\000l\000a\000z\000i\000o\000n\000e\000\040\000M\000a\000t\000e\000m\000a\000t\000i\000c\000a\000:\000\040\000M\000a\000x\000i\000m\000u\000m\000\040\000E\000n\000t\000r\000o\000p\000y\000\040\000R\000L}{section.8.3}% 77
\BOOKMARK [2][-]{subsection.8.3.2}{\376\377\000A\000r\000c\000h\000i\000t\000e\000t\000t\000u\000r\000a\000\040\000A\000c\000t\000o\000r\000-\000C\000r\000i\000t\000i\000c\000\040\000e\000\040\000S\000o\000f\000t\000\040\000U\000p\000d\000a\000t\000e\000s}{section.8.3}% 78
\BOOKMARK [1][-]{section.8.4}{\376\377\000R\000e\000c\000u\000r\000r\000e\000n\000t\000\040\000P\000P\000O\000\040\000\050\000L\000S\000T\000M\000\051}{chapter.8}% 79
\BOOKMARK [2][-]{subsection.8.4.1}{\376\377\000D\000i\000n\000a\000m\000i\000c\000a\000\040\000d\000e\000l\000l\000o\000\040\000S\000t\000a\000t\000o\000\040\000N\000a\000s\000c\000o\000s\000t\000o}{section.8.4}% 80
\BOOKMARK [2][-]{subsection.8.4.2}{\376\377\000C\000o\000n\000f\000i\000g\000u\000r\000a\000z\000i\000o\000n\000e\000\040\000e\000\040\000T\000r\000a\000i\000n\000i\000n\000g\000:\000\040\000B\000P\000T\000T}{section.8.4}% 81
\BOOKMARK [1][-]{section.8.5}{\376\377\000W\000o\000r\000l\000d\000-\000m\000o\000d\000e\000l\000\040\000T\000D\000-\000M\000P\000C\0002}{chapter.8}% 82
\BOOKMARK [2][-]{subsection.8.5.1}{\376\377\000T\000a\000s\000k\000-\000O\000r\000i\000e\000n\000t\000e\000d\000\040\000L\000a\000t\000e\000n\000t\000\040\000D\000y\000n\000a\000m\000i\000c\000s\000\040\000\050\000T\000O\000L\000D\000\051}{section.8.5}% 83
\BOOKMARK [2][-]{subsection.8.5.2}{\376\377\000L\000a\000t\000e\000n\000t\000\040\000S\000p\000a\000c\000e\000\040\000R\000e\000g\000u\000l\000a\000r\000i\000z\000a\000t\000i\000o\000n\000:\000\040\000S\000i\000m\000N\000o\000r\000m}{section.8.5}% 84
\BOOKMARK [2][-]{subsection.8.5.3}{\376\377\000T\000r\000a\000i\000n\000i\000n\000g\000\040\000O\000b\000j\000e\000c\000t\000i\000v\000e\000\040\000e\000\040\000D\000i\000s\000c\000r\000e\000t\000e\000\040\000R\000e\000g\000r\000e\000s\000s\000i\000o\000n}{section.8.5}% 85
\BOOKMARK [2][-]{subsection.8.5.4}{\376\377\000I\000n\000f\000e\000r\000e\000n\000c\000e\000:\000\040\000M\000o\000d\000e\000l\000\040\000P\000r\000e\000d\000i\000c\000t\000i\000v\000e\000\040\000P\000a\000t\000h\000\040\000I\000n\000t\000e\000g\000r\000a\000l\000\040\000\050\000M\000P\000P\000I\000\051}{section.8.5}% 86
\BOOKMARK [1][-]{section.8.6}{\376\377\000H\000y\000p\000e\000r\000p\000a\000r\000a\000m\000e\000t\000e\000r\000\040\000S\000e\000l\000e\000c\000t\000i\000o\000n\000\040\000a\000n\000d\000\040\000T\000u\000n\000i\000n\000g}{chapter.8}% 87
\BOOKMARK [2][-]{subsection.8.6.1}{\376\377\000C\000o\000n\000f\000i\000g\000u\000r\000a\000z\000i\000o\000n\000e\000\040\000C\000o\000m\000p\000a\000r\000a\000t\000i\000v\000a}{section.8.6}% 88
\BOOKMARK [1][-]{section.8.7}{\376\377\000S\000u\000m\000m\000a\000r\000y\000\040\000o\000f\000\040\000M\000e\000t\000h\000o\000d\000o\000l\000o\000g\000y}{chapter.8}% 89
\BOOKMARK [0][-]{chapter.9}{\376\377\000E\000x\000p\000e\000r\000i\000m\000e\000n\000t\000a\000l\000\040\000R\000e\000s\000u\000l\000t\000s}{}% 90
\BOOKMARK [1][-]{section.9.1}{\376\377\000P\000e\000r\000c\000e\000p\000t\000i\000o\000n\000\040\000P\000i\000p\000e\000l\000i\000n\000e\000\040\000B\000e\000n\000c\000h\000m\000a\000r\000k\000s}{chapter.9}% 91
\BOOKMARK [1][-]{section.9.2}{\376\377\000R\000L\000\040\000P\000e\000r\000f\000o\000r\000m\000a\000n\000c\000e\000:\000\040\000M\000e\000m\000o\000r\000y\000\040\000v\000s\000\040\000N\000o\000\040\000M\000e\000m\000o\000r\000y}{chapter.9}% 92
\BOOKMARK [2][-]{subsection.9.2.1}{\376\377\000S\000u\000c\000c\000e\000s\000s\000\040\000R\000a\000t\000e\000\040\000e\000\040\000A\000n\000a\000l\000i\000s\000i\000\040\000d\000e\000g\000l\000i\000\040\000E\000v\000e\000n\000t\000i}{section.9.2}% 93
\BOOKMARK [2][-]{subsection.9.2.2}{\376\377\000M\000o\000d\000e\000l\000s\000\040\000w\000i\000t\000h\000o\000u\000t\000\040\000M\000e\000m\000o\000r\000y}{section.9.2}% 94
\BOOKMARK [2][-]{subsection.9.2.3}{\376\377\000M\000o\000d\000e\000l\000s\000\040\000w\000i\000t\000h\000\040\000F\000r\000a\000m\000e\000\040\000S\000t\000a\000c\000k\000i\000n\000g}{section.9.2}% 95
\BOOKMARK [2][-]{subsection.9.2.4}{\376\377\000R\000e\000c\000u\000r\000r\000e\000n\000t\000\040\000P\000P\000O}{section.9.2}% 96
\BOOKMARK [2][-]{subsection.9.2.5}{\376\377\000C\000h\000e\000c\000k\000p\000o\000i\000n\000t\000\040\000S\000e\000l\000e\000c\000t\000i\000o\000n\000\040\000C\000r\000i\000t\000e\000r\000i\000o\000n}{section.9.2}% 97
\BOOKMARK [1][-]{section.9.3}{\376\377\000S\000t\000a\000t\000i\000s\000t\000i\000c\000a\000l\000\040\000A\000n\000a\000l\000y\000s\000i\000s\000\040\000o\000f\000\040\000M\000e\000m\000o\000r\000y\000\040\000I\000m\000p\000a\000c\000t}{chapter.9}% 98
\BOOKMARK [1][-]{section.9.4}{\376\377\000T\000D\000-\000M\000P\000C\0002\000\040\000R\000e\000s\000u\000l\000t\000s\000\040\000a\000n\000d\000\040\000C\000o\000m\000p\000a\000r\000i\000s\000o\000n}{chapter.9}% 99
\BOOKMARK [1][-]{section.9.5}{\376\377\000D\000i\000s\000c\000u\000s\000s\000i\000o\000n}{chapter.9}% 100
\BOOKMARK [0][-]{chapter.10}{\376\377\000S\000i\000m\000-\000t\000o\000-\000R\000e\000a\000l\000\040\000D\000e\000p\000l\000o\000y\000m\000e\000n\000t}{}% 101
\BOOKMARK [1][-]{section.10.1}{\376\377\000R\000O\000S\0002\000\040\000A\000r\000c\000h\000i\000t\000e\000c\000t\000u\000r\000e}{chapter.10}% 102
\BOOKMARK [1][-]{section.10.2}{\376\377\000P\000e\000r\000c\000e\000p\000t\000i\000o\000n\000\040\000N\000o\000d\000e\000s}{chapter.10}% 103
\BOOKMARK [1][-]{section.10.3}{\376\377\000R\000L\000\040\000a\000n\000d\000\040\000T\000D\000-\000M\000P\000C\0002\000\040\000I\000n\000f\000e\000r\000e\000n\000c\000e\000\040\000N\000o\000d\000e\000s}{chapter.10}% 104
\BOOKMARK [1][-]{section.10.4}{\376\377\000M\000o\000t\000o\000r\000\040\000C\000o\000n\000t\000r\000o\000l\000\040\000a\000n\000d\000\040\000S\000a\000f\000e\000t\000y}{chapter.10}% 105
\BOOKMARK [1][-]{section.10.5}{\376\377\000P\000e\000r\000f\000o\000r\000m\000a\000n\000c\000e\000\040\000o\000n\000\040\000R\000a\000s\000p\000b\000e\000r\000r\000y\000\040\000P\000i}{chapter.10}% 106
\BOOKMARK [1][-]{section.10.6}{\376\377\000R\000e\000a\000l\000-\000w\000o\000r\000l\000d\000\040\000E\000x\000p\000e\000r\000i\000m\000e\000n\000t\000s}{chapter.10}% 107
\BOOKMARK [2][-]{subsection.10.6.1}{\376\377\000C\000o\000n\000f\000i\000g\000u\000r\000a\000z\000i\000o\000n\000e\000\040\000d\000e\000l\000l\000o\000\040\000S\000c\000e\000n\000a\000r\000i\000o}{section.10.6}% 108
\BOOKMARK [2][-]{subsection.10.6.2}{\376\377\000R\000i\000s\000u\000l\000t\000a\000t\000i\000\040\000Q\000u\000a\000l\000i\000t\000a\000t\000i\000v\000i}{section.10.6}% 109
\BOOKMARK [0][-]{chapter.11}{\376\377\000F\000u\000t\000u\000r\000e\000\040\000W\000o\000r\000k\000s}{}% 110
\BOOKMARK [1][-]{section.11.1}{\376\377\000E\000x\000t\000e\000n\000s\000i\000o\000n\000\040\000t\000o\000\040\000H\000u\000m\000a\000n\000o\000i\000d\000\040\000a\000n\000d\000\040\000Q\000u\000a\000d\000r\000u\000p\000e\000d\000\040\000P\000l\000a\000t\000f\000o\000r\000m\000s}{chapter.11}% 111
\BOOKMARK [2][-]{subsection.11.1.1}{\376\377\000R\000i\000d\000e\000f\000i\000n\000i\000z\000i\000o\000n\000e\000\040\000d\000e\000l\000l\000a\000\040\000T\000r\000a\000v\000e\000r\000s\000a\000b\000i\000l\000i\000t\000\340\000\040\000e\000\040\000P\000e\000r\000c\000e\000z\000i\000o\000n\000e}{section.11.1}% 112
\BOOKMARK [2][-]{subsection.11.1.2}{\376\377\000D\000i\000n\000a\000m\000i\000c\000a\000\040\000C\000o\000m\000p\000l\000e\000s\000s\000a\000\040\000e\000\040\000S\000p\000a\000z\000i\000o\000\040\000d\000e\000l\000l\000e\000\040\000A\000z\000i\000o\000n\000i}{section.11.1}% 113
\BOOKMARK [2][-]{subsection.11.1.3}{\376\377\000P\000e\000r\000c\000e\000z\000i\000o\000n\000e\000\040\000A\000t\000t\000i\000v\000a\000\040\000e\000\040\000B\000i\000l\000a\000n\000c\000i\000a\000m\000e\000n\000t\000o}{section.11.1}% 114
\BOOKMARK [1][-]{section.11.2}{\376\377\000C\000o\000l\000l\000a\000b\000o\000r\000a\000t\000i\000v\000e\000\040\000P\000o\000l\000i\000c\000i\000e\000s\000\040\000a\000n\000d\000\040\000M\000u\000l\000t\000i\000-\000r\000o\000b\000o\000t\000\040\000M\000a\000p\000p\000i\000n\000g}{chapter.11}% 115
\BOOKMARK [2][-]{subsection.11.2.1}{\376\377\000F\000o\000r\000m\000u\000l\000a\000z\000i\000o\000n\000e\000\040\000d\000e\000l\000\040\000P\000r\000o\000b\000l\000e\000m\000a\000\040\000M\000u\000l\000t\000i\000-\000A\000g\000e\000n\000t\000e}{section.11.2}% 116
\BOOKMARK [2][-]{subsection.11.2.2}{\376\377\000A\000l\000g\000o\000r\000i\000t\000m\000i\000:\000\040\000C\000T\000D\000E\000\040\000e\000\040\000Q\000M\000I\000X}{section.11.2}% 117
\BOOKMARK [2][-]{subsection.11.2.3}{\376\377\000C\000o\000n\000d\000i\000v\000i\000s\000i\000o\000n\000e\000\040\000d\000i\000\040\000M\000a\000p\000p\000e\000\040\000d\000i\000\040\000R\000i\000s\000c\000h\000i\000o\000\040\000e\000\040\000C\000o\000p\000e\000r\000t\000u\000r\000a\000\040\000C\000o\000o\000p\000e\000r\000a\000t\000i\000v\000a}{section.11.2}% 118
\BOOKMARK [1][-]{section.11.3}{\376\377\000C\000r\000a\000t\000e\000r\000\040\000D\000e\000t\000e\000c\000t\000i\000o\000n\000\040\000a\000n\000d\000\040\000N\000e\000g\000a\000t\000i\000v\000e\000\040\000O\000b\000s\000t\000a\000c\000l\000e\000s}{chapter.11}% 119
\BOOKMARK [2][-]{subsection.11.3.1}{\376\377\000L\000i\000m\000i\000t\000i\000\040\000d\000e\000l\000l\000a\000\040\000G\000e\000o\000m\000e\000t\000r\000i\000a\000\040\000P\000r\000o\000i\000e\000t\000t\000i\000v\000a}{section.11.3}% 120
\BOOKMARK [2][-]{subsection.11.3.2}{\376\377\000P\000i\000p\000e\000l\000i\000n\000e\000\040\000D\000e\000d\000i\000c\000a\000t\000a\000:\000\040\000N\000e\000g\000a\000t\000i\000v\000e\000\040\000O\000b\000s\000t\000a\000c\000l\000e\000\040\000D\000e\000t\000e\000c\000t\000o\000r}{section.11.3}% 121
\BOOKMARK [1][-]{section.11.4}{\376\377\000M\000u\000l\000t\000i\000-\000c\000a\000m\000e\000r\000a\000\040\000a\000n\000d\000\040\000A\000c\000t\000i\000v\000e\000\040\000P\000e\000r\000c\000e\000p\000t\000i\000o\000n}{chapter.11}% 122
\BOOKMARK [2][-]{subsection.11.4.1}{\376\377\000A\000r\000c\000h\000i\000t\000e\000t\000t\000u\000r\000a\000\040\000a\000\040\000D\000o\000p\000p\000i\000a\000\040\000C\000a\000m\000e\000r\000a\000\040\000\050\000H\000i\000g\000h\000-\000L\000o\000w\000\040\000S\000e\000t\000u\000p\000\051}{section.11.4}% 123
\BOOKMARK [2][-]{subsection.11.4.2}{\376\377\000P\000e\000r\000c\000e\000z\000i\000o\000n\000e\000\040\000A\000t\000t\000i\000v\000a\000\040\000\050\000A\000c\000t\000i\000v\000e\000\040\000V\000i\000s\000i\000o\000n\000\051}{section.11.4}% 124
\BOOKMARK [1][-]{section.11.5}{\376\377\000I\000m\000p\000r\000o\000v\000e\000d\000\040\000W\000o\000r\000l\000d\000\040\000M\000o\000d\000e\000l\000s\000\040\000a\000n\000d\000\040\000P\000l\000a\000n\000n\000i\000n\000g}{chapter.11}% 125
\BOOKMARK [2][-]{subsection.11.5.1}{\376\377\000P\000r\000o\000b\000a\000b\000i\000l\000i\000s\000t\000i\000c\000\040\000D\000y\000n\000a\000m\000i\000c\000s\000\040\000e\000\040\000D\000i\000f\000f\000u\000s\000i\000o\000n\000\040\000M\000o\000d\000e\000l\000s}{section.11.5}% 126
\BOOKMARK [2][-]{subsection.11.5.2}{\376\377\000T\000r\000a\000n\000s\000f\000o\000r\000m\000e\000r\000-\000b\000a\000s\000e\000d\000\040\000L\000a\000t\000e\000n\000t\000\040\000S\000p\000a\000c\000e\000s}{section.11.5}% 127
\BOOKMARK [2][-]{subsection.11.5.3}{\376\377\000E\000n\000e\000r\000g\000y\000-\000A\000w\000a\000r\000e\000\040\000P\000l\000a\000n\000n\000i\000n\000g\000\040\000e\000\040\000T\000e\000r\000r\000a\000m\000e\000c\000c\000a\000n\000i\000c\000a}{section.11.5}% 128
\BOOKMARK [1][-]{section.11.6}{\376\377\000C\000o\000n\000c\000l\000u\000s\000i\000o\000n}{chapter.11}% 129
\BOOKMARK [0][-]{chapter.12}{\376\377\000C\000o\000n\000c\000l\000u\000s\000i\000o\000n\000s}{}% 130
\BOOKMARK [1][-]{section.12.1}{\376\377\000S\000u\000m\000m\000a\000r\000y\000\040\000o\000f\000\040\000C\000o\000n\000t\000r\000i\000b\000u\000t\000i\000o\000n\000s}{chapter.12}% 131
\BOOKMARK [2][-]{subsection.12.1.1}{\376\377\0001\000.\000\040\000U\000n\000a\000\040\000P\000i\000p\000e\000l\000i\000n\000e\000\040\000d\000i\000\040\000A\000d\000d\000e\000s\000t\000r\000a\000m\000e\000n\000t\000o\000\040\000M\000a\000s\000s\000i\000v\000o\000\040\000e\000\040\000P\000a\000r\000a\000l\000l\000e\000l\000o}{section.12.1}% 132
\BOOKMARK [2][-]{subsection.12.1.2}{\376\377\0002\000.\000\040\000A\000r\000c\000h\000i\000t\000e\000t\000t\000u\000r\000a\000\040\000P\000e\000r\000c\000e\000t\000t\000i\000v\000a\000\040\000I\000b\000r\000i\000d\000a\000\040\000\050\000S\000e\000m\000a\000n\000t\000i\000c\000\040\000+\000\040\000G\000e\000o\000m\000e\000t\000r\000i\000c\000\051}{section.12.1}% 133
\BOOKMARK [2][-]{subsection.12.1.3}{\376\377\0003\000.\000\040\000I\000l\000\040\000R\000u\000o\000l\000o\000\040\000C\000r\000u\000c\000i\000a\000l\000e\000\040\000d\000e\000l\000l\000a\000\040\000M\000e\000m\000o\000r\000i\000a\000\040\000n\000e\000l\000l\000a\000\040\000N\000a\000v\000i\000g\000a\000z\000i\000o\000n\000e}{section.12.1}% 134
\BOOKMARK [2][-]{subsection.12.1.4}{\376\377\0004\000.\000\040\000V\000a\000l\000i\000d\000a\000z\000i\000o\000n\000e\000\040\000S\000i\000m\000-\000t\000o\000-\000R\000e\000a\000l\000\040\000n\000e\000l\000l\000a\000\040\000L\000U\000N\000A\000\040\000F\000a\000c\000i\000l\000i\000t\000y}{section.12.1}% 135
\BOOKMARK [1][-]{section.12.2}{\376\377\000A\000n\000s\000w\000e\000r\000\040\000t\000o\000\040\000t\000h\000e\000\040\000R\000e\000s\000e\000a\000r\000c\000h\000\040\000Q\000u\000e\000s\000t\000i\000o\000n\000s}{chapter.12}% 136
\BOOKMARK [2][-]{subsection.12.2.1}{\376\377\000R\000Q\0001\000:\000\040\000\310\000\040\000p\000o\000s\000s\000i\000b\000i\000l\000e\000\040\000a\000d\000d\000e\000s\000t\000r\000a\000r\000e\000\040\000p\000o\000l\000i\000c\000y\000\040\000d\000i\000\040\000n\000a\000v\000i\000g\000a\000z\000i\000o\000n\000e\000\040\000r\000o\000b\000u\000s\000t\000e\000\040\000i\000n\000\040\000s\000i\000m\000u\000l\000a\000z\000i\000o\000n\000e\000\040\000e\000\040\000t\000r\000a\000s\000f\000e\000r\000i\000r\000l\000e\000\040\000s\000u\000\040\000h\000a\000r\000d\000w\000a\000r\000e\000\040\000r\000e\000a\000l\000e\000\040\000l\000i\000m\000i\000t\000a\000t\000o\000\040\000\050\000S\000i\000m\000-\000t\000o\000-\000R\000e\000a\000l\000\051\000\040\000c\000o\000l\000m\000a\000n\000d\000o\000\040\000i\000l\000\040\000g\000a\000p\000\040\000f\000i\000s\000i\000c\000o\000\040\000e\000\040\000p\000e\000r\000c\000e\000t\000t\000i\000v\000o\000?}{section.12.2}% 137
\BOOKMARK [2][-]{subsection.12.2.2}{\376\377\000R\000Q\0002\000:\000\040\000Q\000u\000a\000l\000\040\000\350\000\040\000i\000l\000\040\000r\000u\000o\000l\000o\000\040\000d\000e\000l\000l\000a\000\040\000m\000e\000m\000o\000r\000i\000a\000\040\000e\000\040\000d\000e\000l\000l\000a\000\040\000c\000o\000n\000s\000a\000p\000e\000v\000o\000l\000e\000z\000z\000a\000\040\000t\000e\000m\000p\000o\000r\000a\000l\000e\000\040\000n\000e\000l\000l\000a\000\040\000n\000a\000v\000i\000g\000a\000z\000i\000o\000n\000e\000\040\000i\000n\000\040\000a\000m\000b\000i\000e\000n\000t\000i\000\040\000p\000a\000r\000z\000i\000a\000l\000m\000e\000n\000t\000e\000\040\000o\000s\000s\000e\000r\000v\000a\000b\000i\000l\000i\000\040\000e\000\040\000n\000o\000n\000\040\000s\000t\000r\000u\000t\000t\000u\000r\000a\000t\000i\000?}{section.12.2}% 138
\BOOKMARK [2][-]{subsection.12.2.3}{\376\377\000R\000Q\0003\000:\000\040\000I\000\040\000m\000o\000d\000e\000l\000l\000i\000\040\000b\000a\000s\000a\000t\000i\000\040\000s\000u\000l\000l\000a\000\040\000p\000i\000a\000n\000i\000f\000i\000c\000a\000z\000i\000o\000n\000e\000\040\000l\000a\000t\000e\000n\000t\000e\000\040\000\050\000W\000o\000r\000l\000d\000\040\000M\000o\000d\000e\000l\000s\000\051\000\040\000o\000f\000f\000r\000o\000n\000o\000\040\000v\000a\000n\000t\000a\000g\000g\000i\000\040\000t\000a\000n\000g\000i\000b\000i\000l\000i\000\040\000r\000i\000s\000p\000e\000t\000t\000o\000\040\000a\000l\000l\000e\000\040\000p\000o\000l\000i\000c\000y\000\040\000r\000e\000a\000t\000t\000i\000v\000e\000\040\000i\000n\000\040\000t\000e\000r\000m\000i\000n\000i\000\040\000d\000i\000\040\000e\000f\000f\000i\000c\000i\000e\000n\000z\000a\000\040\000e\000\040\000g\000e\000n\000e\000r\000a\000l\000i\000z\000z\000a\000z\000i\000o\000n\000e\000,\000\040\000e\000\040\000s\000o\000n\000o\000\040\000c\000o\000m\000p\000a\000t\000i\000b\000i\000l\000i\000\040\000c\000o\000n\000\040\000i\000\040\000v\000i\000n\000c\000o\000l\000i\000\040\000d\000i\000\040\000c\000a\000l\000c\000o\000l\000o\000\040\000d\000i\000\040\000b\000o\000r\000d\000o\000?}{section.12.2}% 139
\BOOKMARK [1][-]{section.12.3}{\376\377\000I\000m\000p\000l\000i\000c\000a\000t\000i\000o\000n\000s\000\040\000f\000o\000r\000\040\000A\000u\000t\000o\000n\000o\000m\000o\000u\000s\000\040\000L\000u\000n\000a\000r\000\040\000E\000x\000p\000l\000o\000r\000a\000t\000i\000o\000n}{chapter.12}% 140
\BOOKMARK [2][-]{subsection.12.3.1}{\376\377\0001\000.\000\040\000D\000a\000l\000\040\000"\000T\000e\000l\000e\000c\000o\000m\000a\000n\000d\000o\000"\000\040\000a\000l\000l\000a\000\040\000"\000S\000u\000p\000e\000r\000v\000i\000s\000i\000o\000n\000e\000\040\000d\000i\000\040\000M\000i\000s\000s\000i\000o\000n\000e\000"}{section.12.3}% 141
\BOOKMARK [2][-]{subsection.12.3.2}{\376\377\0002\000.\000\040\000L\000'\000H\000a\000r\000d\000w\000a\000r\000e\000\040\000C\000O\000T\000S\000\040\000c\000o\000m\000e\000\040\000R\000i\000s\000o\000r\000s\000a\000\040\000S\000p\000a\000z\000i\000a\000l\000e}{section.12.3}% 142
\BOOKMARK [2][-]{subsection.12.3.3}{\376\377\0003\000.\000\040\000L\000a\000\040\000S\000i\000m\000u\000l\000a\000z\000i\000o\000n\000e\000\040\000c\000o\000m\000e\000\040\000"\000T\000e\000r\000r\000e\000n\000o\000\040\000d\000i\000\040\000P\000r\000o\000v\000a\000"\000\040\000P\000r\000i\000m\000a\000r\000i\000o}{section.12.3}% 143
\BOOKMARK [1][-]{section.12.4}{\376\377\000F\000i\000n\000a\000l\000\040\000R\000e\000m\000a\000r\000k\000s}{chapter.12}% 144
