\BOOKMARK [0][-]{chapter.1}{\376\377\000I\000n\000t\000r\000o\000d\000u\000c\000t\000i\000o\000n}{}% 1
\BOOKMARK [0][-]{chapter.2}{\376\377\000B\000a\000c\000k\000g\000r\000o\000u\000n\000d}{}% 2
\BOOKMARK [1][-]{section.2.1}{\376\377\000C\000l\000a\000s\000s\000i\000c\000a\000l\000\040\000A\000u\000t\000o\000n\000o\000m\000o\000u\000s\000\040\000N\000a\000v\000i\000g\000a\000t\000i\000o\000n\000\040\000P\000i\000p\000e\000l\000i\000n\000e\000s}{chapter.2}% 3
\BOOKMARK [2][-]{subsection.2.1.1}{\376\377\000L\000i\000m\000i\000t\000a\000t\000i\000o\000n\000s\000\040\000i\000n\000\040\000P\000a\000r\000t\000i\000a\000l\000l\000y\000\040\000O\000b\000s\000e\000r\000v\000a\000b\000l\000e\000\040\000E\000n\000v\000i\000r\000o\000n\000m\000e\000n\000t\000s}{section.2.1}% 4
\BOOKMARK [1][-]{section.2.2}{\376\377\000R\000e\000i\000n\000f\000o\000r\000c\000e\000m\000e\000n\000t\000\040\000L\000e\000a\000r\000n\000i\000n\000g\000\040\000f\000o\000r\000\040\000R\000o\000b\000o\000t\000i\000c\000s}{chapter.2}% 5
\BOOKMARK [1][-]{section.2.3}{\376\377\000C\000u\000r\000r\000i\000c\000u\000l\000u\000m\000\040\000L\000e\000a\000r\000n\000i\000n\000g\000\040\000a\000n\000d\000\040\000T\000r\000a\000i\000n\000i\000n\000g\000\040\000S\000t\000a\000b\000i\000l\000i\000t\000y}{chapter.2}% 6
\BOOKMARK [1][-]{section.2.4}{\376\377\000P\000e\000r\000c\000e\000p\000t\000i\000o\000n\000\040\000P\000i\000p\000e\000l\000i\000n\000e\000s\000\040\000a\000n\000d\000\040\000S\000l\000o\000p\000e\000\040\000E\000s\000t\000i\000m\000a\000t\000i\000o\000n}{chapter.2}% 7
\BOOKMARK [1][-]{section.2.5}{\376\377\000S\000i\000m\000u\000l\000a\000t\000i\000o\000n\000\040\000F\000r\000a\000m\000e\000w\000o\000r\000k\000s\000\040\000f\000o\000r\000\040\000R\000o\000b\000o\000t\000i\000c\000s}{chapter.2}% 8
\BOOKMARK [1][-]{section.2.6}{\376\377\000E\000d\000g\000e\000\040\000C\000o\000m\000p\000u\000t\000i\000n\000g\000\040\000C\000o\000n\000s\000t\000r\000a\000i\000n\000t\000s}{chapter.2}% 9
\BOOKMARK [1][-]{section.2.7}{\376\377\000S\000i\000m\000-\000t\000o\000-\000R\000e\000a\000l\000\040\000T\000r\000a\000n\000s\000f\000e\000r}{chapter.2}% 10
\BOOKMARK [1][-]{section.2.8}{\376\377\000A\000p\000p\000r\000o\000a\000c\000h\000\040\000A\000d\000o\000p\000t\000e\000d\000\040\000i\000n\000\040\000T\000h\000i\000s\000\040\000T\000h\000e\000s\000i\000s}{chapter.2}% 11
\BOOKMARK [0][-]{chapter.3}{\376\377\000R\000e\000l\000a\000t\000e\000d\000\040\000W\000o\000r\000k}{}% 12
\BOOKMARK [1][-]{subsection.3.0.1}{\376\377\000P\000l\000a\000n\000e\000t\000a\000r\000y\000\040\000R\000o\000v\000e\000r\000\040\000N\000a\000v\000i\000g\000a\000t\000i\000o\000n\000\040\000a\000n\000d\000\040\000T\000r\000a\000v\000e\000r\000s\000a\000b\000i\000l\000i\000t\000y}{chapter.3}% 13
\BOOKMARK [2][-]{subsection.3.0.2}{\376\377\000D\000e\000t\000e\000r\000m\000i\000n\000i\000s\000t\000i\000c\000\040\000M\000o\000t\000i\000o\000n\000\040\000P\000l\000a\000n\000n\000i\000n\000g\000\040\000o\000n\000\040\000R\000o\000u\000g\000h\000\040\000T\000e\000r\000r\000a\000i\000n}{subsection.3.0.1}% 14
\BOOKMARK [2][-]{subsection.3.0.3}{\376\377\000T\000r\000a\000v\000e\000r\000s\000a\000b\000i\000l\000i\000t\000y\000\040\000E\000s\000t\000i\000m\000a\000t\000i\000o\000n\000\040\000f\000o\000r\000\040\000M\000o\000b\000i\000l\000e\000\040\000R\000o\000b\000o\000t\000s}{subsection.3.0.1}% 15
\BOOKMARK [2][-]{subsection.3.0.4}{\376\377\000L\000e\000a\000r\000n\000i\000n\000g\000-\000b\000a\000s\000e\000d\000\040\000a\000n\000d\000\040\000R\000L\000\040\000M\000e\000t\000h\000o\000d\000s\000\040\000f\000o\000r\000\040\000M\000a\000p\000l\000e\000s\000s\000\040\000a\000n\000d\000\040\000P\000l\000a\000n\000e\000t\000a\000r\000y\000\040\000N\000a\000v\000i\000g\000a\000t\000i\000o\000n}{subsection.3.0.1}% 16
\BOOKMARK [2][-]{subsection.3.0.5}{\376\377\000P\000o\000s\000i\000t\000i\000o\000n\000i\000n\000g\000\040\000o\000f\000\040\000T\000h\000i\000s\000\040\000W\000o\000r\000k}{subsection.3.0.1}% 17
\BOOKMARK [1][-]{section.3.1}{\376\377\000A\000l\000g\000o\000r\000i\000t\000m\000i\000\040\000d\000i\000\040\000R\000e\000i\000n\000f\000o\000r\000c\000e\000m\000e\000n\000t\000\040\000L\000e\000a\000r\000n\000i\000n\000g\000\040\000p\000e\000r\000\040\000l\000a\000\040\000n\000a\000v\000i\000g\000a\000z\000i\000o\000n\000e\000\040\000l\000u\000n\000a\000r\000e}{chapter.3}% 18
\BOOKMARK [2][-]{subsection.3.1.1}{\376\377\000P\000r\000o\000x\000i\000m\000a\000l\000\040\000P\000o\000l\000i\000c\000y\000\040\000O\000p\000t\000i\000m\000i\000z\000a\000t\000i\000o\000n\000\040\000\050\000P\000P\000O\000\051}{section.3.1}% 19
\BOOKMARK [2][-]{subsection.3.1.2}{\376\377\000S\000o\000f\000t\000\040\000A\000c\000t\000o\000r\000-\000C\000r\000i\000t\000i\000c\000\040\000\050\000S\000A\000C\000\051}{section.3.1}% 20
\BOOKMARK [2][-]{subsection.3.1.3}{\376\377\000R\000e\000c\000u\000r\000r\000e\000n\000t\000\040\000P\000P\000O\000\040\000e\000\040\000p\000o\000l\000i\000t\000i\000c\000h\000e\000\040\000c\000o\000n\000\040\000m\000e\000m\000o\000r\000i\000a}{section.3.1}% 21
\BOOKMARK [2][-]{subsection.3.1.4}{\376\377\000R\000L\000\040\000p\000e\000r\000\040\000r\000o\000v\000e\000r\000\040\000l\000u\000n\000a\000r\000i\000\040\000i\000n\000\040\000l\000e\000t\000t\000e\000r\000a\000t\000u\000r\000a}{section.3.1}% 22
\BOOKMARK [2][-]{subsection.3.1.5}{\376\377\000R\000i\000s\000u\000l\000t\000a\000t\000i\000\040\000s\000p\000e\000r\000i\000m\000e\000n\000t\000a\000l\000i\000\040\000d\000i\000\040\000P\000P\000O\000\040\000e\000\040\000S\000A\000C}{section.3.1}% 23
\BOOKMARK [2][-]{subsection.3.1.6}{\376\377\000M\000o\000t\000i\000v\000a\000z\000i\000o\000n\000e\000\040\000p\000e\000r\000\040\000l\000'\000a\000g\000g\000i\000u\000n\000t\000a\000\040\000d\000i\000\040\000m\000e\000m\000o\000r\000i\000a\000\040\000e\000\040\000R\000e\000c\000u\000r\000r\000e\000n\000t\000\040\000P\000P\000O}{section.3.1}% 24
\BOOKMARK [2][-]{subsection.3.1.7}{\376\377\000P\000o\000s\000s\000i\000b\000i\000l\000i\000\040\000e\000s\000t\000e\000n\000s\000i\000o\000n\000i\000\040\000p\000e\000r\000\040\000m\000i\000g\000l\000i\000o\000r\000a\000r\000e\000\040\000l\000a\000\040\000m\000e\000m\000o\000r\000i\000a}{section.3.1}% 25
\BOOKMARK [0][-]{chapter.4}{\376\377\000P\000i\000a\000t\000t\000a\000f\000o\000r\000m\000a\000\040\000h\000a\000r\000d\000w\000a\000r\000e\000\040\000d\000e\000l\000\040\000r\000o\000v\000e\000r}{}% 26
\BOOKMARK [1][-]{section.4.1}{\376\377\000S\000t\000r\000u\000t\000t\000u\000r\000a\000\040\000m\000e\000c\000c\000a\000n\000i\000c\000a\000\040\000e\000\040\000l\000o\000c\000o\000m\000o\000z\000i\000o\000n\000e}{chapter.4}% 27
\BOOKMARK [1][-]{section.4.2}{\376\377\000S\000o\000t\000t\000o\000s\000i\000s\000t\000e\000m\000a\000\040\000d\000i\000\040\000p\000e\000r\000c\000e\000z\000i\000o\000n\000e}{chapter.4}% 28
\BOOKMARK [1][-]{section.4.3}{\376\377\000S\000o\000t\000t\000o\000s\000i\000s\000t\000e\000m\000a\000\040\000d\000i\000\040\000c\000a\000l\000c\000o\000l\000o\000\040\000a\000\040\000b\000o\000r\000d\000o}{chapter.4}% 29
\BOOKMARK [2][-]{subsection.4.3.1}{\376\377\000R\000a\000s\000p\000b\000e\000r\000r\000y\000\040\000P\000i\000\040\0005}{section.4.3}% 30
\BOOKMARK [2][-]{subsection.4.3.2}{\376\377\000A\000c\000c\000e\000l\000e\000r\000a\000t\000o\000r\000e\000\040\000A\000I\000\040\000H\000a\000i\000l\000o\000-\0008}{section.4.3}% 31
\BOOKMARK [1][-]{section.4.4}{\376\377\000A\000l\000i\000m\000e\000n\000t\000a\000z\000i\000o\000n\000e\000,\000\040\000i\000n\000t\000e\000r\000f\000a\000c\000c\000e\000\040\000e\000\040\000s\000e\000g\000n\000a\000l\000a\000z\000i\000o\000n\000e}{chapter.4}% 32
\BOOKMARK [1][-]{section.4.5}{\376\377\000C\000o\000n\000f\000r\000o\000n\000t\000o\000\040\000c\000o\000n\000\040\000i\000\040\000r\000o\000v\000e\000r\000\040\000l\000u\000n\000a\000r\000i\000\040\000e\000\040\000m\000a\000r\000z\000i\000a\000n\000i\000\040\000r\000e\000a\000l\000i}{chapter.4}% 33
\BOOKMARK [2][-]{subsection.4.5.1}{\376\377\000R\000o\000v\000e\000r\000\040\000m\000a\000r\000z\000i\000a\000n\000i\000:\000\040\000C\000u\000r\000i\000o\000s\000i\000t\000y\000,\000\040\000P\000e\000r\000s\000e\000v\000e\000r\000a\000n\000c\000e\000\040\000e\000\040\000I\000n\000g\000e\000n\000u\000i\000t\000y}{section.4.5}% 34
\BOOKMARK [2][-]{subsection.4.5.2}{\376\377\000R\000o\000v\000e\000r\000\040\000l\000u\000n\000a\000r\000i\000:\000\040\000A\000p\000o\000l\000l\000o\000\040\000L\000R\000V\000,\000\040\000Y\000u\000t\000u\000\040\000e\000\040\000m\000i\000s\000s\000i\000o\000n\000i\000\040\000m\000o\000d\000e\000r\000n\000e}{section.4.5}% 35
\BOOKMARK [2][-]{subsection.4.5.3}{\376\377\000C\000o\000n\000f\000r\000o\000n\000t\000o\000\040\000q\000u\000a\000n\000t\000i\000t\000a\000t\000i\000v\000o\000\040\000e\000\040\000q\000u\000a\000l\000i\000t\000a\000t\000i\000v\000o}{section.4.5}% 36
\BOOKMARK [2][-]{subsection.4.5.4}{\376\377\000C\000o\000m\000p\000a\000t\000i\000b\000i\000l\000i\000t\000\340\000\040\000d\000e\000i\000\040\000r\000e\000q\000u\000i\000s\000i\000t\000i\000\040\000c\000o\000m\000p\000u\000t\000a\000z\000i\000o\000n\000a\000l\000i}{section.4.5}% 37
\BOOKMARK [1][-]{section.4.6}{\376\377\000L\000e\000z\000i\000o\000n\000i\000\040\000d\000a\000l\000l\000'\000e\000l\000i\000c\000o\000t\000t\000e\000r\000o\000\040\000m\000a\000r\000z\000i\000a\000n\000o\000\040\000I\000n\000g\000e\000n\000u\000i\000t\000y\000:\000\040\000u\000n\000\040\000n\000u\000o\000v\000o\000\040\000p\000a\000r\000a\000d\000i\000g\000m\000a\000\040\000p\000e\000r\000\040\000l\000'\000h\000a\000r\000d\000w\000a\000r\000e\000\040\000d\000i\000\040\000b\000o\000r\000d\000o}{chapter.4}% 38
\BOOKMARK [2][-]{subsection.4.6.1}{\376\377\000U\000n\000\040\000p\000r\000o\000c\000e\000s\000s\000o\000r\000e\000\040\000c\000o\000m\000m\000e\000r\000c\000i\000a\000l\000e\000\040\000s\000u\000\040\000M\000a\000r\000t\000e}{section.4.6}% 39
\BOOKMARK [2][-]{subsection.4.6.2}{\376\377\000I\000m\000p\000l\000i\000c\000a\000z\000i\000o\000n\000i\000\040\000p\000e\000r\000\040\000l\000'\000h\000a\000r\000d\000w\000a\000r\000e\000\040\000r\000o\000b\000o\000t\000i\000c\000o\000\040\000s\000p\000a\000z\000i\000a\000l\000e}{section.4.6}% 40
\BOOKMARK [2][-]{subsection.4.6.3}{\376\377\000R\000i\000l\000e\000v\000a\000n\000z\000a\000\040\000p\000e\000r\000\040\000i\000l\000\040\000p\000r\000e\000s\000e\000n\000t\000e\000\040\000l\000a\000v\000o\000r\000o}{section.4.6}% 41
\BOOKMARK [1][-]{section.4.7}{\376\377\000A\000n\000a\000l\000i\000s\000i\000\040\000c\000o\000m\000p\000a\000r\000a\000t\000i\000v\000a\000\040\000d\000e\000i\000\040\000m\000o\000d\000e\000l\000l\000i\000\040\000d\000i\000\040\000R\000e\000i\000n\000f\000o\000r\000c\000e\000m\000e\000n\000t\000\040\000L\000e\000a\000r\000n\000i\000n\000g}{chapter.4}% 42
\BOOKMARK [2][-]{subsection.4.7.1}{\376\377\000S\000o\000f\000t\000\040\000A\000c\000t\000o\000r\040\023\000C\000r\000i\000t\000i\000c\000\040\000s\000e\000n\000z\000a\000\040\000m\000e\000m\000o\000r\000i\000a\000\040\000\050\000S\000A\000C\040\023\000n\000o\000m\000e\000m\000\051}{section.4.7}% 43
\BOOKMARK [2][-]{subsection.4.7.2}{\376\377\000S\000o\000f\000t\000\040\000A\000c\000t\000o\000r\040\023\000C\000r\000i\000t\000i\000c\000\040\000c\000o\000n\000\040\000f\000r\000a\000m\000e\000\040\000s\000t\000a\000c\000k\000i\000n\000g\000\040\000\050\000S\000A\000C\040\023\0001\0006\000f\000r\000a\000m\000e\000\051}{section.4.7}% 44
\BOOKMARK [2][-]{subsection.4.7.3}{\376\377\000R\000e\000c\000u\000r\000r\000e\000n\000t\000\040\000P\000P\000O\000\040\000\050\000R\000-\000P\000P\000O\000\051}{section.4.7}% 45
\BOOKMARK [2][-]{subsection.4.7.4}{\376\377\000P\000r\000o\000x\000i\000m\000a\000l\000\040\000P\000o\000l\000i\000c\000y\000\040\000O\000p\000t\000i\000m\000i\000z\000a\000t\000i\000o\000n\000\040\000\050\000P\000P\000O\000\051}{section.4.7}% 46
\BOOKMARK [1][-]{section.4.8}{\376\377\000R\000i\000s\000u\000l\000t\000a\000t\000i\000\040\000s\000p\000e\000r\000i\000m\000e\000n\000t\000a\000l\000i}{chapter.4}% 47
\BOOKMARK [2][-]{subsection.4.8.1}{\376\377\000P\000e\000r\000f\000o\000r\000m\000a\000n\000c\000e\000\040\000g\000e\000n\000e\000r\000a\000l\000i\000:\000\040\000a\000n\000a\000l\000i\000s\000i\000\040\000d\000e\000g\000l\000i\000\040\000e\000v\000e\000n\000t\000i}{section.4.8}% 48
\BOOKMARK [2][-]{subsection.4.8.2}{\376\377\000S\000u\000c\000c\000e\000s\000s\000\040\000r\000a\000t\000e\000\040\000d\000e\000i\000\040\000m\000o\000d\000e\000l\000l\000i}{section.4.8}% 49
\BOOKMARK [2][-]{subsection.4.8.3}{\376\377\000P\000r\000o\000g\000r\000e\000s\000s\000\040\000r\000e\000a\000l\000e\000\040\000v\000e\000r\000s\000o\000\040\000i\000l\000\040\000g\000o\000a\000l}{section.4.8}% 50
\BOOKMARK [2][-]{subsection.4.8.4}{\376\377\000A\000n\000a\000l\000i\000s\000i\000\040\000s\000t\000a\000t\000i\000s\000t\000i\000c\000a\000:\000\040\000l\040\031\000i\000m\000p\000a\000t\000t\000o\000\040\000d\000e\000l\000l\000a\000\040\000m\000e\000m\000o\000r\000i\000a}{section.4.8}% 51
\BOOKMARK [2][-]{subsection.4.8.5}{\376\377\000S\000i\000n\000t\000e\000s\000i\000\040\000d\000e\000i\000\040\000r\000i\000s\000u\000l\000t\000a\000t\000i}{section.4.8}% 52
\BOOKMARK [0][-]{chapter.5}{\376\377\000I\000s\000a\000a\000c\000\040\000L\000a\000b\000:\000\040\000s\000i\000m\000u\000l\000a\000z\000i\000o\000n\000e\000\040\000m\000a\000s\000s\000i\000v\000a\000\040\000e\000\040\000a\000d\000d\000e\000s\000t\000r\000a\000m\000e\000n\000t\000o\000\040\000d\000i\000\040\000a\000g\000e\000n\000t\000i\000\040\000R\000L}{}% 53
\BOOKMARK [1][-]{subsection.5.0.1}{\376\377\000R\000e\000l\000a\000z\000i\000o\000n\000e\000\040\000t\000r\000a\000\040\000I\000s\000a\000a\000c\000\040\000S\000i\000m\000\040\000e\000\040\000I\000s\000a\000a\000c\000\040\000L\000a\000b}{chapter.5}% 54
\BOOKMARK [2][-]{subsection.5.0.2}{\376\377\000V\000a\000n\000t\000a\000g\000g\000i\000\040\000p\000r\000i\000n\000c\000i\000p\000a\000l\000i\000\040\000d\000i\000\040\000I\000s\000a\000a\000c\000\040\000L\000a\000b\000\040\000p\000e\000r\000\040\000l\000'\000a\000d\000d\000e\000s\000t\000r\000a\000m\000e\000n\000t\000o\000\040\000d\000i\000\040\000a\000g\000e\000n\000t\000i\000\040\000R\000L}{subsection.5.0.1}% 55
\BOOKMARK [2][-]{subsection.5.0.3}{\376\377\000I\000n\000t\000e\000g\000r\000a\000z\000i\000o\000n\000e\000\040\000c\000o\000n\000\040\000a\000l\000g\000o\000r\000i\000t\000m\000i\000\040\000d\000i\000\040\000R\000e\000i\000n\000f\000o\000r\000c\000e\000m\000e\000n\000t\000\040\000L\000e\000a\000r\000n\000i\000n\000g\000:\000\040\000S\000t\000a\000b\000l\000e\000-\000B\000a\000s\000e\000l\000i\000n\000e\000s\0003}{subsection.5.0.1}% 56
\BOOKMARK [0][-]{chapter.6}{\376\377\000R\000e\000i\000n\000f\000o\000r\000c\000e\000m\000e\000n\000t\000\040\000L\000e\000a\000r\000n\000i\000n\000g\000\040\000E\000n\000v\000i\000r\000o\000n\000m\000e\000n\000t\000\040\000a\000n\000d\000\040\000T\000r\000a\000i\000n\000i\000n\000g\000\040\000P\000i\000p\000e\000l\000i\000n\000e}{}% 57
\BOOKMARK [1][-]{section.6.1}{\376\377\000B\000a\000c\000k\000g\000r\000o\000u\000n\000d\000:\000\040\000P\000r\000e\000v\000i\000o\000u\000s\000\040\000I\000m\000p\000l\000e\000m\000e\000n\000t\000a\000t\000i\000o\000n}{chapter.6}% 58
\BOOKMARK [1][-]{section.6.2}{\376\377\000R\000e\000i\000n\000f\000o\000r\000c\000e\000m\000e\000n\000t\000\040\000L\000e\000a\000r\000n\000i\000n\000g\000\040\000P\000o\000l\000i\000c\000y\000\040\000A\000r\000c\000h\000i\000t\000e\000c\000t\000u\000r\000e}{chapter.6}% 59
\BOOKMARK [2][-]{subsection.6.2.1}{\376\377\000D\000e\000s\000i\000g\000n\000\040\000d\000e\000g\000l\000i\000\040\000i\000n\000p\000u\000t\000:\000\040\000r\000a\000p\000p\000r\000e\000s\000e\000n\000t\000a\000z\000i\000o\000n\000e\000\040\000c\000o\000m\000p\000a\000t\000t\000a\000\040\000d\000e\000l\000l\000o\000\040\000s\000t\000a\000t\000o}{section.6.2}% 60
\BOOKMARK [2][-]{subsection.6.2.2}{\376\377\000O\000u\000t\000p\000u\000t\000\040\000d\000e\000l\000l\000a\000\040\000p\000o\000l\000i\000c\000y}{section.6.2}% 61
\BOOKMARK [2][-]{subsection.6.2.3}{\376\377\000A\000r\000c\000h\000i\000t\000e\000t\000t\000u\000r\000a\000\040\000d\000e\000l\000l\000a\000\040\000r\000e\000t\000e\000\040\000n\000e\000u\000r\000a\000l\000e}{section.6.2}% 62
\BOOKMARK [2][-]{subsection.6.2.4}{\376\377\000P\000e\000r\000c\000h\000\351\000\040\000u\000n\040\031\000a\000r\000c\000h\000i\000t\000e\000t\000t\000u\000r\000a\000\040\000c\000o\000s\000\354\000\040\000p\000i\000c\000c\000o\000l\000a\000\040\000p\000u\000\362\000\040\000f\000u\000n\000z\000i\000o\000n\000a\000r\000e\000?}{section.6.2}% 63
\BOOKMARK [2][-]{subsection.6.2.5}{\376\377\000A\000r\000c\000h\000i\000t\000e\000t\000t\000u\000r\000a\000\040\000M\000o\000d\000u\000l\000a\000r\000e\000:\000\040\000V\000a\000n\000t\000a\000g\000g\000i}{section.6.2}% 64
\BOOKMARK [1][-]{section.6.3}{\376\377\000I\000s\000a\000a\000c\000\040\000L\000a\000b\000\040\000E\000n\000v\000i\000r\000o\000n\000m\000e\000n\000t\000\040\000A\000r\000c\000h\000i\000t\000e\000c\000t\000u\000r\000e}{chapter.6}% 65
\BOOKMARK [1][-]{section.6.4}{\376\377\000S\000c\000e\000n\000e\000\040\000C\000o\000n\000f\000i\000g\000u\000r\000a\000t\000i\000o\000n}{chapter.6}% 66
\BOOKMARK [1][-]{section.6.5}{\376\377\000O\000b\000s\000e\000r\000v\000a\000t\000i\000o\000n\000s\000\040\000a\000n\000d\000\040\000S\000t\000a\000t\000e\000\040\000R\000e\000p\000r\000e\000s\000e\000n\000t\000a\000t\000i\000o\000n}{chapter.6}% 67
\BOOKMARK [1][-]{section.6.6}{\376\377\000A\000c\000t\000i\000o\000n\000\040\000S\000p\000a\000c\000e}{chapter.6}% 68
\BOOKMARK [1][-]{section.6.7}{\376\377\000R\000e\000w\000a\000r\000d\000\040\000F\000u\000n\000c\000t\000i\000o\000n}{chapter.6}% 69
\BOOKMARK [1][-]{section.6.8}{\376\377\000E\000p\000i\000s\000o\000d\000e\000\040\000T\000e\000r\000m\000i\000n\000a\000t\000i\000o\000n}{chapter.6}% 70
\BOOKMARK [1][-]{section.6.9}{\376\377\000C\000u\000r\000r\000i\000c\000u\000l\000u\000m\000\040\000L\000e\000a\000r\000n\000i\000n\000g}{chapter.6}% 71
\BOOKMARK [1][-]{section.6.10}{\376\377\000T\000r\000a\000i\000n\000i\000n\000g\000\040\000P\000i\000p\000e\000l\000i\000n\000e}{chapter.6}% 72
\BOOKMARK [1][-]{section.6.11}{\376\377\000S\000l\000o\000p\000e\000\040\000E\000s\000t\000i\000m\000a\000t\000i\000o\000n\000\040\000P\000i\000p\000e\000l\000i\000n\000e}{chapter.6}% 73
\BOOKMARK [2][-]{subsection.6.11.1}{\376\377\000P\000r\000e\000p\000r\000o\000c\000e\000s\000s\000i\000n\000g\000\040\000d\000e\000l\000\040\000d\000e\000p\000t\000h\000\040\000f\000r\000a\000m\000e}{section.6.11}% 74
\BOOKMARK [2][-]{subsection.6.11.2}{\376\377\000R\000i\000c\000o\000s\000t\000r\000u\000z\000i\000o\000n\000e\000\040\000d\000e\000i\000\040\000p\000u\000n\000t\000i\000\040\0003\000D\000\040\000e\000\040\000r\000i\000m\000o\000z\000i\000o\000n\000e\000\040\000d\000e\000l\000\040\000t\000e\000r\000r\000e\000n\000o}{section.6.11}% 75
\BOOKMARK [2][-]{subsection.6.11.3}{\376\377\000C\000l\000u\000s\000t\000e\000r\000i\000n\000g\000\040\000d\000e\000g\000l\000i\000\040\000o\000s\000t\000a\000c\000o\000l\000i\000\040\000t\000r\000a\000m\000i\000t\000e\000\040\000D\000B\000S\000C\000A\000N}{section.6.11}% 76
\BOOKMARK [2][-]{subsection.6.11.4}{\376\377\000S\000t\000i\000m\000a\000\040\000p\000e\000r\000-\000c\000l\000u\000s\000t\000e\000r\000\040\000d\000e\000l\000l\000a\000\040\000p\000e\000n\000d\000e\000n\000z\000a\000\040\000v\000i\000a\000\040\000R\000A\000N\000S\000A\000C}{section.6.11}% 77
\BOOKMARK [1][-]{section.6.12}{\376\377\000F\000i\000n\000e\000-\000t\000u\000n\000i\000n\000g\000\040\000d\000e\000l\000\040\000c\000l\000u\000s\000t\000e\000r\000i\000n\000g\000\040\000s\000u\000\040\000d\000a\000t\000i\000\040\000r\000e\000a\000l\000i}{chapter.6}% 78
\BOOKMARK [2][-]{subsection.6.12.1}{\376\377\000R\000i\000s\000u\000l\000t\000a\000t\000i\000\040\000i\000n\000\040\000s\000i\000m\000u\000l\000a\000z\000i\000o\000n\000e\000:\000\040\000I\000s\000a\000a\000c\000\040\000L\000a\000b}{section.6.12}% 79
\BOOKMARK [2][-]{subsection.6.12.2}{\376\377\000P\000a\000s\000s\000a\000g\000g\000i\000o\000\040\000a\000l\000\040\000d\000o\000m\000i\000n\000i\000o\000\040\000r\000e\000a\000l\000e\000:\000\040\000p\000r\000o\000b\000l\000e\000m\000i\000\040\000d\000i\000\040\000r\000u\000m\000o\000r\000e}{section.6.12}% 80
\BOOKMARK [2][-]{subsection.6.12.3}{\376\377\000F\000i\000n\000e\000-\000t\000u\000n\000i\000n\000g\000\040\000d\000e\000i\000\040\000p\000a\000r\000a\000m\000e\000t\000r\000i}{section.6.12}% 81
\BOOKMARK [2][-]{subsection.6.12.4}{\376\377\000R\000i\000s\000u\000l\000t\000a\000t\000i\000\040\000f\000i\000n\000a\000l\000i\000\040\000s\000u\000l\000\040\000d\000o\000m\000i\000n\000i\000o\000\040\000r\000e\000a\000l\000e}{section.6.12}% 82
\BOOKMARK [2][-]{subsection.6.12.5}{\376\377\000O\000u\000t\000p\000u\000t\000\040\000d\000e\000l\000l\000a\000\040\000p\000i\000p\000e\000l\000i\000n\000e}{section.6.12}% 83
\BOOKMARK [2][-]{subsection.6.12.6}{\376\377\000I\000n\000t\000e\000r\000a\000z\000i\000o\000n\000e\000\040\000c\000o\000n\000\040\000l\000a\000\040\000p\000i\000p\000e\000l\000i\000n\000e\000\040\000Y\000O\000L\000O\000:\000\040\000c\000o\000m\000p\000l\000e\000m\000e\000n\000t\000a\000r\000i\000t\000\340}{section.6.12}% 84
\BOOKMARK [2][-]{subsection.6.12.7}{\376\377\000C\000o\000l\000l\000e\000g\000a\000m\000e\000n\000t\000o\000\040\000a\000i\000\040\000m\000e\000t\000o\000d\000i\000\040\000d\000e\000t\000e\000r\000m\000i\000n\000i\000s\000t\000i\000c\000i}{section.6.12}% 85
\BOOKMARK [1][-]{section.6.13}{\376\377\000D\000e\000t\000e\000r\000m\000i\000n\000i\000s\000t\000i\000c\000\040\000T\000r\000a\000v\000e\000r\000s\000a\000b\000i\000l\000i\000t\000y\000\040\000A\000n\000a\000l\000y\000s\000i\000s\000:\000\040\000K\000i\000n\000e\000c\000t\000-\000b\000a\000s\000e\000d\000\040\000M\000e\000t\000h\000o\000d}{chapter.6}% 86
\BOOKMARK [2][-]{subsection.6.13.1}{\376\377\000P\000r\000i\000n\000c\000i\000p\000i\000\040\000d\000e\000l\000\040\000m\000e\000t\000o\000d\000o}{section.6.13}% 87
\BOOKMARK [2][-]{subsection.6.13.2}{\376\377\000C\000a\000r\000a\000t\000t\000e\000r\000i\000s\000t\000i\000c\000h\000e\000\040\000c\000o\000m\000p\000u\000t\000a\000z\000i\000o\000n\000a\000l\000i}{section.6.13}% 88
\BOOKMARK [2][-]{subsection.6.13.3}{\376\377\000L\000i\000m\000i\000t\000a\000z\000i\000o\000n\000i\000\040\000p\000r\000i\000n\000c\000i\000p\000a\000l\000i}{section.6.13}% 89
\BOOKMARK [2][-]{subsection.6.13.4}{\376\377\000C\000o\000n\000f\000r\000o\000n\000t\000o\000\040\000c\000o\000n\000c\000e\000t\000t\000u\000a\000l\000e\000\040\000c\000o\000n\000\040\000i\000l\000\040\000m\000e\000t\000o\000d\000o\000\040\000s\000v\000i\000l\000u\000p\000p\000a\000t\000o\000\040\000i\000n\000\040\000q\000u\000e\000s\000t\000a\000\040\000t\000e\000s\000i}{section.6.13}% 90
\BOOKMARK [2][-]{subsection.6.13.5}{\376\377\000P\000r\000e\000s\000t\000a\000z\000i\000o\000n\000i\000\040\000s\000u\000\040\000R\000a\000s\000p\000b\000e\000r\000r\000y\000\040\000P\000i\000\040\0005}{section.6.13}% 91
\BOOKMARK [0][-]{chapter.7}{\376\377\000P\000s\000e\000u\000d\000o\000c\000o\000d\000i\000c\000e\000\040\000d\000e\000i\000\040\000n\000o\000d\000i\000\040\000R\000O\000S\0002}{}% 92
\BOOKMARK [1][-]{subsection.7.0.1}{\376\377\000G\000r\000a\000f\000o\000\040\000d\000e\000i\000\040\000t\000o\000p\000i\000c\000\040\000R\000O\000S\0002}{chapter.7}% 93
\BOOKMARK [1][-]{section.7.1}{\376\377\000F\000u\000t\000u\000r\000e\000\040\000W\000o\000r\000k\000s}{chapter.7}% 94
\BOOKMARK [2][-]{subsection.7.1.1}{\376\377\000E\000s\000t\000e\000n\000s\000i\000o\000n\000e\000\040\000a\000\040\000p\000i\000a\000t\000t\000a\000f\000o\000r\000m\000e\000\040\000u\000m\000a\000n\000o\000i\000d\000i\000\040\000o\000\040\000q\000u\000a\000d\000r\000u\000p\000e\000d\000i}{section.7.1}% 95
\BOOKMARK [2][-]{subsection.7.1.2}{\376\377\000P\000o\000l\000i\000c\000y\000\040\000c\000o\000l\000l\000a\000b\000o\000r\000a\000t\000i\000v\000e\000\040\000p\000e\000r\000\040\000m\000a\000p\000p\000a\000t\000u\000r\000a\000\040\000e\000\040\000n\000a\000v\000i\000g\000a\000z\000i\000o\000n\000e\000\040\000c\000o\000o\000p\000e\000r\000a\000t\000i\000v\000a}{section.7.1}% 96
\BOOKMARK [2][-]{subsection.7.1.3}{\376\377\000R\000i\000c\000o\000n\000o\000s\000c\000i\000m\000e\000n\000t\000o\000\040\000d\000i\000\040\000c\000r\000a\000t\000e\000r\000i\000\040\000c\000o\000m\000e\000\040\000o\000s\000t\000a\000c\000o\000l\000i\000\040\000s\000t\000r\000u\000t\000t\000u\000r\000a\000l\000i}{section.7.1}% 97
\BOOKMARK [2][-]{subsection.7.1.4}{\376\377\000A\000g\000g\000i\000u\000n\000t\000a\000\040\000d\000i\000\040\000u\000n\000a\000\040\000s\000e\000c\000o\000n\000d\000a\000\040\000c\000a\000m\000e\000r\000a\000\040\000p\000e\000r\000\040\000m\000i\000g\000l\000i\000o\000r\000a\000r\000e\000\040\000p\000e\000r\000c\000e\000z\000i\000o\000n\000e\000\040\000e\000\040\000r\000o\000b\000u\000s\000t\000e\000z\000z\000a}{section.7.1}% 98
